Analysis & Elaboration report for fifo
Fri Mar 12 10:30:02 2021
Quartus Prime Version 18.1.0 Build 625 09/12/2018 SJ Standard Edition


---------------------
; Table of Contents ;
---------------------
  1. Legal Notice
  2. Analysis & Elaboration Summary
  3. Parallel Compilation
  4. Analysis & Elaboration IP Cores Summary
  5. Source assignments for scfifo_256x8:scfifo_256x8_inst|scfifo:scfifo_component|scfifo_dm31:auto_generated|a_dpfifo_ks31:dpfifo|altsyncram_skm1:FIFOram
  6. Parameter Settings for User Entity Instance: scfifo_256x8:scfifo_256x8_inst|scfifo:scfifo_component
  7. scfifo Parameter Settings by Entity Instance
  8. Analysis & Elaboration Settings
  9. Analysis & Elaboration Messages



----------------
; Legal Notice ;
----------------
Copyright (C) 2018  Intel Corporation. All rights reserved.
Your use of Intel Corporation's design tools, logic functions 
and other software and tools, and its AMPP partner logic 
functions, and any output files from any of the foregoing 
(including device programming or simulation files), and any 
associated documentation or information are expressly subject 
to the terms and conditions of the Intel Program License 
Subscription Agreement, the Intel Quartus Prime License Agreement,
the Intel FPGA IP License Agreement, or other applicable license
agreement, including, without limitation, that your use is for
the sole purpose of programming logic devices manufactured by
Intel and sold by Intel or its authorized distributors.  Please
refer to the applicable agreement for further details.



+--------------------------------------------------------------------------------------+
; Analysis & Elaboration Summary                                                       ;
+------------------------------------+-------------------------------------------------+
; Analysis & Elaboration Status      ; Successful - Fri Mar 12 10:30:02 2021           ;
; Quartus Prime Version              ; 18.1.0 Build 625 09/12/2018 SJ Standard Edition ;
; Revision Name                      ; fifo                                            ;
; Top-level Entity Name              ; fifo                                            ;
; Family                             ; Cyclone IV E                                    ;
; Total logic elements               ; N/A until Partition Merge                       ;
;     Total combinational functions  ; N/A until Partition Merge                       ;
;     Dedicated logic registers      ; N/A until Partition Merge                       ;
; Total registers                    ; N/A until Partition Merge                       ;
; Total pins                         ; N/A until Partition Merge                       ;
; Total virtual pins                 ; N/A until Partition Merge                       ;
; Total memory bits                  ; N/A until Partition Merge                       ;
; Embedded Multiplier 9-bit elements ; N/A until Partition Merge                       ;
; Total PLLs                         ; N/A until Partition Merge                       ;
+------------------------------------+-------------------------------------------------+


+------------------------------------------+
; Parallel Compilation                     ;
+----------------------------+-------------+
; Processors                 ; Number      ;
+----------------------------+-------------+
; Number detected on machine ; 8           ;
; Maximum allowed            ; 4           ;
;                            ;             ;
; Average used               ; 1.00        ;
; Maximum used               ; 1           ;
;                            ;             ;
; Usage by Processor         ; % Time Used ;
;     Processor 1            ; 100.0%      ;
+----------------------------+-------------+


+-----------------------------------------------------------------------------------------------------------------------------------------------+
; Analysis & Elaboration IP Cores Summary                                                                                                       ;
+--------+--------------+---------+--------------+--------------+--------------------------------------+----------------------------------------+
; Vendor ; IP Core Name ; Version ; Release Date ; License Type ; Entity Instance                      ; IP Include File                        ;
+--------+--------------+---------+--------------+--------------+--------------------------------------+----------------------------------------+
; Altera ; FIFO         ; 18.1    ; N/A          ; N/A          ; |fifo|scfifo_256x8:scfifo_256x8_inst ; ipcore_dir/scfifo_256x8/scfifo_256x8.v ;
+--------+--------------+---------+--------------+--------------+--------------------------------------+----------------------------------------+


+-------------------------------------------------------------------------------------------------------------------------------------------------------+
; Source assignments for scfifo_256x8:scfifo_256x8_inst|scfifo:scfifo_component|scfifo_dm31:auto_generated|a_dpfifo_ks31:dpfifo|altsyncram_skm1:FIFOram ;
+---------------------------------+--------------------+------+-----------------------------------------------------------------------------------------+
; Assignment                      ; Value              ; From ; To                                                                                      ;
+---------------------------------+--------------------+------+-----------------------------------------------------------------------------------------+
; OPTIMIZE_POWER_DURING_SYNTHESIS ; NORMAL_COMPILATION ; -    ; -                                                                                       ;
+---------------------------------+--------------------+------+-----------------------------------------------------------------------------------------+


+-----------------------------------------------------------------------------------------------------+
; Parameter Settings for User Entity Instance: scfifo_256x8:scfifo_256x8_inst|scfifo:scfifo_component ;
+-------------------------+--------------+------------------------------------------------------------+
; Parameter Name          ; Value        ; Type                                                       ;
+-------------------------+--------------+------------------------------------------------------------+
; AUTO_CARRY_CHAINS       ; ON           ; AUTO_CARRY                                                 ;
; IGNORE_CARRY_BUFFERS    ; OFF          ; IGNORE_CARRY                                               ;
; AUTO_CASCADE_CHAINS     ; ON           ; AUTO_CASCADE                                               ;
; IGNORE_CASCADE_BUFFERS  ; OFF          ; IGNORE_CASCADE                                             ;
; lpm_width               ; 8            ; Signed Integer                                             ;
; LPM_NUMWORDS            ; 256          ; Signed Integer                                             ;
; LPM_WIDTHU              ; 8            ; Signed Integer                                             ;
; LPM_SHOWAHEAD           ; OFF          ; Untyped                                                    ;
; UNDERFLOW_CHECKING      ; ON           ; Untyped                                                    ;
; OVERFLOW_CHECKING       ; ON           ; Untyped                                                    ;
; ALLOW_RWCYCLE_WHEN_FULL ; OFF          ; Untyped                                                    ;
; ADD_RAM_OUTPUT_REGISTER ; OFF          ; Untyped                                                    ;
; ALMOST_FULL_VALUE       ; 0            ; Untyped                                                    ;
; ALMOST_EMPTY_VALUE      ; 0            ; Untyped                                                    ;
; ENABLE_ECC              ; FALSE        ; Untyped                                                    ;
; USE_EAB                 ; ON           ; Untyped                                                    ;
; MAXIMIZE_SPEED          ; 5            ; Untyped                                                    ;
; DEVICE_FAMILY           ; Cyclone IV E ; Untyped                                                    ;
; OPTIMIZE_FOR_SPEED      ; 5            ; Untyped                                                    ;
; CBXI_PARAMETER          ; scfifo_dm31  ; Untyped                                                    ;
+-------------------------+--------------+------------------------------------------------------------+
Note: In order to hide this table in the UI and the text report file, please set the "Show Parameter Settings in Synthesis Report" option in "Analysis and Synthesis Settings -> More Settings" to "Off".


+-------------------------------------------------------------------------------------+
; scfifo Parameter Settings by Entity Instance                                        ;
+----------------------------+--------------------------------------------------------+
; Name                       ; Value                                                  ;
+----------------------------+--------------------------------------------------------+
; Number of entity instances ; 1                                                      ;
; Entity Instance            ; scfifo_256x8:scfifo_256x8_inst|scfifo:scfifo_component ;
;     -- FIFO Type           ; Single Clock                                           ;
;     -- lpm_width           ; 8                                                      ;
;     -- LPM_NUMWORDS        ; 256                                                    ;
;     -- LPM_SHOWAHEAD       ; OFF                                                    ;
;     -- USE_EAB             ; ON                                                     ;
+----------------------------+--------------------------------------------------------+


+------------------------------------------------------------------------------------------------------------+
; Analysis & Elaboration Settings                                                                            ;
+------------------------------------------------------------------+--------------------+--------------------+
; Option                                                           ; Setting            ; Default Value      ;
+------------------------------------------------------------------+--------------------+--------------------+
; Device                                                           ; EP4CE10F17C8       ;                    ;
; Top-level entity name                                            ; fifo               ; fifo               ;
; Family name                                                      ; Cyclone IV E       ; Cyclone V          ;
; Use smart compilation                                            ; Off                ; Off                ;
; Enable parallel Assembler and Timing Analyzer during compilation ; On                 ; On                 ;
; Enable compact report table                                      ; Off                ; Off                ;
; Restructure Multiplexers                                         ; Auto               ; Auto               ;
; Create Debugging Nodes for IP Cores                              ; Off                ; Off                ;
; Preserve fewer node names                                        ; On                 ; On                 ;
; Intel FPGA IP Evaluation Mode                                    ; Enable             ; Enable             ;
; Verilog Version                                                  ; Verilog_2001       ; Verilog_2001       ;
; VHDL Version                                                     ; VHDL_1993          ; VHDL_1993          ;
; State Machine Processing                                         ; Auto               ; Auto               ;
; Safe State Machine                                               ; Off                ; Off                ;
; Extract Verilog State Machines                                   ; On                 ; On                 ;
; Extract VHDL State Machines                                      ; On                 ; On                 ;
; Ignore Verilog initial constructs                                ; Off                ; Off                ;
; Iteration limit for constant Verilog loops                       ; 5000               ; 5000               ;
; Iteration limit for non-constant Verilog loops                   ; 250                ; 250                ;
; Add Pass-Through Logic to Inferred RAMs                          ; On                 ; On                 ;
; Infer RAMs from Raw Logic                                        ; On                 ; On                 ;
; Parallel Synthesis                                               ; On                 ; On                 ;
; DSP Block Balancing                                              ; Auto               ; Auto               ;
; NOT Gate Push-Back                                               ; On                 ; On                 ;
; Power-Up Don't Care                                              ; On                 ; On                 ;
; Remove Redundant Logic Cells                                     ; Off                ; Off                ;
; Remove Duplicate Registers                                       ; On                 ; On                 ;
; Ignore CARRY Buffers                                             ; Off                ; Off                ;
; Ignore CASCADE Buffers                                           ; Off                ; Off                ;
; Ignore GLOBAL Buffers                                            ; Off                ; Off                ;
; Ignore ROW GLOBAL Buffers                                        ; Off                ; Off                ;
; Ignore LCELL Buffers                                             ; Off                ; Off                ;
; Ignore SOFT Buffers                                              ; On                 ; On                 ;
; Limit AHDL Integers to 32 Bits                                   ; Off                ; Off                ;
; Optimization Technique                                           ; Balanced           ; Balanced           ;
; Carry Chain Length                                               ; 70                 ; 70                 ;
; Auto Carry Chains                                                ; On                 ; On                 ;
; Auto Open-Drain Pins                                             ; On                 ; On                 ;
; Perform WYSIWYG Primitive Resynthesis                            ; Off                ; Off                ;
; Auto ROM Replacement                                             ; On                 ; On                 ;
; Auto RAM Replacement                                             ; On                 ; On                 ;
; Auto DSP Block Replacement                                       ; On                 ; On                 ;
; Auto Shift Register Replacement                                  ; Auto               ; Auto               ;
; Allow Shift Register Merging across Hierarchies                  ; Auto               ; Auto               ;
; Auto Clock Enable Replacement                                    ; On                 ; On                 ;
; Strict RAM Replacement                                           ; Off                ; Off                ;
; Allow Synchronous Control Signals                                ; On                 ; On                 ;
; Force Use of Synchronous Clear Signals                           ; Off                ; Off                ;
; Auto RAM Block Balancing                                         ; On                 ; On                 ;
; Auto RAM to Logic Cell Conversion                                ; Off                ; Off                ;
; Auto Resource Sharing                                            ; Off                ; Off                ;
; Allow Any RAM Size For Recognition                               ; Off                ; Off                ;
; Allow Any ROM Size For Recognition                               ; Off                ; Off                ;
; Allow Any Shift Register Size For Recognition                    ; Off                ; Off                ;
; Use LogicLock Constraints during Resource Balancing              ; On                 ; On                 ;
; Ignore translate_off and synthesis_off directives                ; Off                ; Off                ;
; Timing-Driven Synthesis                                          ; On                 ; On                 ;
; Report Parameter Settings                                        ; On                 ; On                 ;
; Report Source Assignments                                        ; On                 ; On                 ;
; Report Connectivity Checks                                       ; On                 ; On                 ;
; Ignore Maximum Fan-Out Assignments                               ; Off                ; Off                ;
; Synchronization Register Chain Length                            ; 2                  ; 2                  ;
; Power Optimization During Synthesis                              ; Normal compilation ; Normal compilation ;
; HDL message level                                                ; Level2             ; Level2             ;
; Suppress Register Optimization Related Messages                  ; Off                ; Off                ;
; Number of Removed Registers Reported in Synthesis Report         ; 5000               ; 5000               ;
; Number of Swept Nodes Reported in Synthesis Report               ; 5000               ; 5000               ;
; Number of Inverted Registers Reported in Synthesis Report        ; 100                ; 100                ;
; Clock MUX Protection                                             ; On                 ; On                 ;
; Auto Gated Clock Conversion                                      ; Off                ; Off                ;
; Block Design Naming                                              ; Auto               ; Auto               ;
; SDC constraint protection                                        ; Off                ; Off                ;
; Synthesis Effort                                                 ; Auto               ; Auto               ;
; Shift Register Replacement - Allow Asynchronous Clear Signal     ; On                 ; On                 ;
; Pre-Mapping Resynthesis Optimization                             ; Off                ; Off                ;
; Analysis & Synthesis Message Level                               ; Medium             ; Medium             ;
; Disable Register Merging Across Hierarchies                      ; Auto               ; Auto               ;
; Resource Aware Inference For Block RAM                           ; On                 ; On                 ;
+------------------------------------------------------------------+--------------------+--------------------+


+---------------------------------+
; Analysis & Elaboration Messages ;
+---------------------------------+
Info: *******************************************************************
Info: Running Quartus Prime Analysis & Elaboration
    Info: Version 18.1.0 Build 625 09/12/2018 SJ Standard Edition
    Info: Processing started: Fri Mar 12 10:29:43 2021
Info: Command: quartus_map --read_settings_files=on --write_settings_files=off fifo -c fifo --analysis_and_elaboration
Warning (18236): Number of processors has not been specified which may cause overloading on shared machines.  Set the global assignment NUM_PARALLEL_PROCESSORS in your QSF to an appropriate value for best performance.
Info (20030): Parallel compilation is enabled and will use 4 of the 4 processors detected
Info (12021): Found 1 design units, including 1 entities, in source file /gitrepository/yehuo_books/fpga/pracitice/altera-quartus/27_ip_core/fifo/scfifo/sim/tb_fifo.v
    Info (12023): Found entity 1: tb_fifo File: D:/GitRepository/YeHuo_Books/FPGA/Pracitice/Altera-Quartus/27_ip_core/fifo/scfifo/sim/tb_fifo.v Line: 3
Info (12021): Found 1 design units, including 1 entities, in source file /gitrepository/yehuo_books/fpga/pracitice/altera-quartus/27_ip_core/fifo/scfifo/rtl/fifo.v
    Info (12023): Found entity 1: fifo File: D:/GitRepository/YeHuo_Books/FPGA/Pracitice/Altera-Quartus/27_ip_core/fifo/scfifo/rtl/fifo.v Line: 1
Info (12021): Found 1 design units, including 1 entities, in source file ipcore_dir/scfifo_256x8/scfifo_256x8.v
    Info (12023): Found entity 1: scfifo_256x8 File: D:/GitRepository/YeHuo_Books/FPGA/Pracitice/Altera-Quartus/27_ip_core/fifo/scfifo/quartus_prj/ipcore_dir/scfifo_256x8/scfifo_256x8.v Line: 39
Info (12127): Elaborating entity "fifo" for the top level hierarchy
Info (12128): Elaborating entity "scfifo_256x8" for hierarchy "scfifo_256x8:scfifo_256x8_inst" File: D:/GitRepository/YeHuo_Books/FPGA/Pracitice/Altera-Quartus/27_ip_core/fifo/scfifo/rtl/fifo.v Line: 24
Info (12128): Elaborating entity "scfifo" for hierarchy "scfifo_256x8:scfifo_256x8_inst|scfifo:scfifo_component" File: D:/GitRepository/YeHuo_Books/FPGA/Pracitice/Altera-Quartus/27_ip_core/fifo/scfifo/quartus_prj/ipcore_dir/scfifo_256x8/scfifo_256x8.v Line: 80
Info (12130): Elaborated megafunction instantiation "scfifo_256x8:scfifo_256x8_inst|scfifo:scfifo_component" File: D:/GitRepository/YeHuo_Books/FPGA/Pracitice/Altera-Quartus/27_ip_core/fifo/scfifo/quartus_prj/ipcore_dir/scfifo_256x8/scfifo_256x8.v Line: 80
Info (12133): Instantiated megafunction "scfifo_256x8:scfifo_256x8_inst|scfifo:scfifo_component" with the following parameter: File: D:/GitRepository/YeHuo_Books/FPGA/Pracitice/Altera-Quartus/27_ip_core/fifo/scfifo/quartus_prj/ipcore_dir/scfifo_256x8/scfifo_256x8.v Line: 80
    Info (12134): Parameter "add_ram_output_register" = "OFF"
    Info (12134): Parameter "intended_device_family" = "Cyclone IV E"
    Info (12134): Parameter "lpm_numwords" = "256"
    Info (12134): Parameter "lpm_showahead" = "OFF"
    Info (12134): Parameter "lpm_type" = "scfifo"
    Info (12134): Parameter "lpm_width" = "8"
    Info (12134): Parameter "lpm_widthu" = "8"
    Info (12134): Parameter "overflow_checking" = "ON"
    Info (12134): Parameter "underflow_checking" = "ON"
    Info (12134): Parameter "use_eab" = "ON"
Info (12021): Found 1 design units, including 1 entities, in source file db/scfifo_dm31.tdf
    Info (12023): Found entity 1: scfifo_dm31 File: D:/GitRepository/YeHuo_Books/FPGA/Pracitice/Altera-Quartus/27_ip_core/fifo/scfifo/quartus_prj/db/scfifo_dm31.tdf Line: 24
Info (12128): Elaborating entity "scfifo_dm31" for hierarchy "scfifo_256x8:scfifo_256x8_inst|scfifo:scfifo_component|scfifo_dm31:auto_generated" File: c:/intelfpga/18.1/quartus/libraries/megafunctions/scfifo.tdf Line: 299
Info (12021): Found 1 design units, including 1 entities, in source file db/a_dpfifo_ks31.tdf
    Info (12023): Found entity 1: a_dpfifo_ks31 File: D:/GitRepository/YeHuo_Books/FPGA/Pracitice/Altera-Quartus/27_ip_core/fifo/scfifo/quartus_prj/db/a_dpfifo_ks31.tdf Line: 28
Info (12128): Elaborating entity "a_dpfifo_ks31" for hierarchy "scfifo_256x8:scfifo_256x8_inst|scfifo:scfifo_component|scfifo_dm31:auto_generated|a_dpfifo_ks31:dpfifo" File: D:/GitRepository/YeHuo_Books/FPGA/Pracitice/Altera-Quartus/27_ip_core/fifo/scfifo/quartus_prj/db/scfifo_dm31.tdf Line: 36
Info (12021): Found 1 design units, including 1 entities, in source file db/a_fefifo_08f.tdf
    Info (12023): Found entity 1: a_fefifo_08f File: D:/GitRepository/YeHuo_Books/FPGA/Pracitice/Altera-Quartus/27_ip_core/fifo/scfifo/quartus_prj/db/a_fefifo_08f.tdf Line: 24
Info (12128): Elaborating entity "a_fefifo_08f" for hierarchy "scfifo_256x8:scfifo_256x8_inst|scfifo:scfifo_component|scfifo_dm31:auto_generated|a_dpfifo_ks31:dpfifo|a_fefifo_08f:fifo_state" File: D:/GitRepository/YeHuo_Books/FPGA/Pracitice/Altera-Quartus/27_ip_core/fifo/scfifo/quartus_prj/db/a_dpfifo_ks31.tdf Line: 41
Info (12021): Found 1 design units, including 1 entities, in source file db/cntr_fo7.tdf
    Info (12023): Found entity 1: cntr_fo7 File: D:/GitRepository/YeHuo_Books/FPGA/Pracitice/Altera-Quartus/27_ip_core/fifo/scfifo/quartus_prj/db/cntr_fo7.tdf Line: 25
Info (12128): Elaborating entity "cntr_fo7" for hierarchy "scfifo_256x8:scfifo_256x8_inst|scfifo:scfifo_component|scfifo_dm31:auto_generated|a_dpfifo_ks31:dpfifo|a_fefifo_08f:fifo_state|cntr_fo7:count_usedw" File: D:/GitRepository/YeHuo_Books/FPGA/Pracitice/Altera-Quartus/27_ip_core/fifo/scfifo/quartus_prj/db/a_fefifo_08f.tdf Line: 38
Info (12021): Found 1 design units, including 1 entities, in source file db/altsyncram_skm1.tdf
    Info (12023): Found entity 1: altsyncram_skm1 File: D:/GitRepository/YeHuo_Books/FPGA/Pracitice/Altera-Quartus/27_ip_core/fifo/scfifo/quartus_prj/db/altsyncram_skm1.tdf Line: 27
Info (12128): Elaborating entity "altsyncram_skm1" for hierarchy "scfifo_256x8:scfifo_256x8_inst|scfifo:scfifo_component|scfifo_dm31:auto_generated|a_dpfifo_ks31:dpfifo|altsyncram_skm1:FIFOram" File: D:/GitRepository/YeHuo_Books/FPGA/Pracitice/Altera-Quartus/27_ip_core/fifo/scfifo/quartus_prj/db/a_dpfifo_ks31.tdf Line: 42
Info (12021): Found 1 design units, including 1 entities, in source file db/cntr_3ob.tdf
    Info (12023): Found entity 1: cntr_3ob File: D:/GitRepository/YeHuo_Books/FPGA/Pracitice/Altera-Quartus/27_ip_core/fifo/scfifo/quartus_prj/db/cntr_3ob.tdf Line: 25
Info (12128): Elaborating entity "cntr_3ob" for hierarchy "scfifo_256x8:scfifo_256x8_inst|scfifo:scfifo_component|scfifo_dm31:auto_generated|a_dpfifo_ks31:dpfifo|cntr_3ob:rd_ptr_count" File: D:/GitRepository/YeHuo_Books/FPGA/Pracitice/Altera-Quartus/27_ip_core/fifo/scfifo/quartus_prj/db/a_dpfifo_ks31.tdf Line: 43
Info: Quartus Prime Analysis & Elaboration was successful. 0 errors, 1 warning
    Info: Peak virtual memory: 4725 megabytes
    Info: Processing ended: Fri Mar 12 10:30:02 2021
    Info: Elapsed time: 00:00:19
    Info: Total CPU time (on all processors): 00:00:39


